Using pre-set license
Built from '2020.3/staging' branch; Version is '2020.3.11f1 (99c7afb366b3) revision 10078127'; Using compiler version '192528614'; Build Type 'Release'
OS: 'Windows 10 Home; OS build 19041.985; Version 2004; 64bit' Language: 'ru' Physical Memory: 16253 MB
BatchMode: 1, IsHumanControllingUs: 0, StartBugReporterOnCrash: 0, Is64bit: 1, IsPro: 0

 COMMAND LINE ARGUMENTS:
F:\UNITY\2020.3.11f1\Editor\Unity.exe
-adb2
-batchMode
-noUpm
-name
AssetImportWorker0
-projectPath
C:/Users/Xiaomi/GitHub/S.U.C.A_3.0/Unity_Folder/S.U.C.A_1
-logFile
Logs/AssetImportWorker0.log
-srvPort
53458
Successfully changed project path to: C:/Users/Xiaomi/GitHub/S.U.C.A_3.0/Unity_Folder/S.U.C.A_1
C:/Users/Xiaomi/GitHub/S.U.C.A_3.0/Unity_Folder/S.U.C.A_1
Using Asset Import Pipeline V2.
Refreshing native plugins compatible for Editor in 36.79 ms, found 2 plugins.
Preloading 0 native plugins for Editor in 0.00 ms.
Initialize engine version: 2020.3.11f1 (99c7afb366b3)
[Subsystems] Discovering subsystems at path F:/UNITY/2020.3.11f1/Editor/Data/Resources/UnitySubsystems
[Subsystems] Discovering subsystems at path C:/Users/Xiaomi/GitHub/S.U.C.A_3.0/Unity_Folder/S.U.C.A_1/Assets
GfxDevice: creating device client; threaded=0
Direct3D:
    Version:  Direct3D 11.0 [level 11.1]
    Renderer: NVIDIA GeForce GTX 1660 Ti (ID=0x2191)
    Vendor:   
    VRAM:     5991 MB
    Driver:   27.21.14.6589
Initialize mono
Mono path[0] = 'F:/UNITY/2020.3.11f1/Editor/Data/Managed'
Mono path[1] = 'F:/UNITY/2020.3.11f1/Editor/Data/MonoBleedingEdge/lib/mono/unityjit'
Mono config path = 'F:/UNITY/2020.3.11f1/Editor/Data/MonoBleedingEdge/etc'
Using monoOptions --debugger-agent=transport=dt_socket,embedding=1,server=y,suspend=n,address=127.0.0.1:56560
Begin MonoManager ReloadAssembly
Registering precompiled unity dll's ...
Register platform support module: F:/UNITY/2020.3.11f1/Editor/Data/PlaybackEngines/WindowsStandaloneSupport/UnityEditor.WindowsStandalone.Extensions.dll
Registered in 0.000763 seconds.
Native extension for WindowsStandalone target not found
Refreshing native plugins compatible for Editor in 29.02 ms, found 2 plugins.
Preloading 0 native plugins for Editor in 0.00 ms.
Mono: successfully reloaded assembly
- Completed reload, in  1.273 seconds
Platform modules already initialized, skipping
Registering precompiled user dll's ...
Registered in 0.003321 seconds.
Begin MonoManager ReloadAssembly
Native extension for WindowsStandalone target not found
Refreshing native plugins compatible for Editor in 0.31 ms, found 2 plugins.
Preloading 0 native plugins for Editor in 0.00 ms.
Mono: successfully reloaded assembly
- Completed reload, in  0.960 seconds
Platform modules already initialized, skipping
========================================================================
Worker process is ready to serve import requests
Launched and connected shader compiler UnityShaderCompiler.exe after 0.06 seconds
Refreshing native plugins compatible for Editor in 0.30 ms, found 2 plugins.
Preloading 0 native plugins for Editor in 0.00 ms.
Unloading 1511 Unused Serialized files (Serialized files now loaded: 0)
System memory in use before: 73.1 MB.
System memory in use after: 73.1 MB.

Unloading 19 unused Assets to reduce memory usage. Loaded Objects now: 1945.
Total: 1.827200 ms (FindLiveObjects: 0.152400 ms CreateObjectMapping: 0.053300 ms MarkObjects: 1.554200 ms  DeleteObjects: 0.066400 ms)

========================================================================
Received Import Request.
  path: Assets/level_5/level_5.blend
  artifactKey: Guid(30c6e618957f4de488129260da7c557a) Importer(815301076,1909f56bfc062723c751e8b465ee728b)
Start importing Assets/level_5/level_5.blend using Guid(30c6e618957f4de488129260da7c557a) Importer(815301076,1909f56bfc062723c751e8b465ee728b)  -> (artifact id: '9a1aba4f098e93c36b0c0256cfdfefa2') in 0.027931 seconds
  Import took 0.030783 seconds .

========================================================================
Received Import Request.
  Time since last request: 7.643810 seconds.
  path: Assets/level_5/level_5.blend
  artifactKey: Guid(30c6e618957f4de488129260da7c557a) Importer(815301076,1909f56bfc062723c751e8b465ee728b)
Start importing Assets/level_5/level_5.blend using Guid(30c6e618957f4de488129260da7c557a) Importer(815301076,1909f56bfc062723c751e8b465ee728b)  -> (artifact id: 'f0c153af66293522abeb1d4526c340e5') in 0.002018 seconds
  Import took 0.004875 seconds .

========================================================================
Received Import Request.
  Time since last request: 12.546964 seconds.
  path: Assets/level_5/level_5.blend1
  artifactKey: Guid(b9521afc286429541bb1570007d6efb1) Importer(815301076,1909f56bfc062723c751e8b465ee728b)
Start importing Assets/level_5/level_5.blend1 using Guid(b9521afc286429541bb1570007d6efb1) Importer(815301076,1909f56bfc062723c751e8b465ee728b)  -> (artifact id: '8600e392a690990cc47d8d85a3f7d225') in 0.003994 seconds
  Import took 0.006785 seconds .

========================================================================
Received Import Request.
  Time since last request: 2.392972 seconds.
  path: Assets/level_5/textures
  artifactKey: Guid(057a6290101b4d946addf54b3ade733e) Importer(815301076,1909f56bfc062723c751e8b465ee728b)
Start importing Assets/level_5/textures using Guid(057a6290101b4d946addf54b3ade733e) Importer(815301076,1909f56bfc062723c751e8b465ee728b)  -> (artifact id: 'cfa1cbb9219deb47aca1abc6df9834ae') in 0.008948 seconds
  Import took 0.012210 seconds .

========================================================================
Received Import Request.
  Time since last request: 2.908961 seconds.
  path: Assets/level_2/SUCA_level_2.blend
  artifactKey: Guid(75449785eb7e6b240916104c99bbdbf7) Importer(815301076,1909f56bfc062723c751e8b465ee728b)
Start importing Assets/level_2/SUCA_level_2.blend using Guid(75449785eb7e6b240916104c99bbdbf7) Importer(815301076,1909f56bfc062723c751e8b465ee728b)  -> (artifact id: 'd86fd3059f6ee3e029f6ee92f09e9cd8') in 0.398853 seconds
  Import took 0.401528 seconds .

========================================================================
Received Import Request.
  Time since last request: 1.960263 seconds.
  path: Assets/level_1/SUCA_level_1_model_out_mod.blend
  artifactKey: Guid(3adb53b9e146e83458460031dff48bc0) Importer(815301076,1909f56bfc062723c751e8b465ee728b)
Start importing Assets/level_1/SUCA_level_1_model_out_mod.blend using Guid(3adb53b9e146e83458460031dff48bc0) Importer(815301076,1909f56bfc062723c751e8b465ee728b)  -> (artifact id: '93caa2dab433c084ba071fbaba82cb8d') in 0.303682 seconds
  Import took 0.307280 seconds .

========================================================================
Received Import Request.
  Time since last request: 2.740369 seconds.
  path: Assets/level_3/level_3.blend
  artifactKey: Guid(8a8aa6bf8ae2a9d40b54eed2f2bfd335) Importer(815301076,1909f56bfc062723c751e8b465ee728b)
Start importing Assets/level_3/level_3.blend using Guid(8a8aa6bf8ae2a9d40b54eed2f2bfd335) Importer(815301076,1909f56bfc062723c751e8b465ee728b)  -> (artifact id: 'b0d22fce4eaa2cd7a1e776b6e8797354') in 0.199778 seconds
  Import took 0.203033 seconds .

========================================================================
Received Import Request.
  Time since last request: 1.892775 seconds.
  path: Assets/level_4/level_4.blend
  artifactKey: Guid(dcf7d3e7a86db1c48be95e01bbcd311b) Importer(815301076,1909f56bfc062723c751e8b465ee728b)
Start importing Assets/level_4/level_4.blend using Guid(dcf7d3e7a86db1c48be95e01bbcd311b) Importer(815301076,1909f56bfc062723c751e8b465ee728b)  -> (artifact id: 'cd4da5d9a9242dfeb683767e2f3a942f') in 0.219064 seconds
  Import took 0.221674 seconds .

========================================================================
Received Import Request.
  Time since last request: 1.619799 seconds.
  path: Assets/level_5
  artifactKey: Guid(b69f0a06bc06b5d4c84111a0258604ec) Importer(815301076,1909f56bfc062723c751e8b465ee728b)
Start importing Assets/level_5 using Guid(b69f0a06bc06b5d4c84111a0258604ec) Importer(815301076,1909f56bfc062723c751e8b465ee728b)  -> (artifact id: '526861b162bab8d0e26ff2dd7faa93f9') in 0.002129 seconds
  Import took 0.004849 seconds .

========================================================================
Received Import Request.
  Time since last request: 16.512700 seconds.
  path: Assets/level_5/level_5.blend
  artifactKey: Guid(30c6e618957f4de488129260da7c557a) Importer(815301076,1909f56bfc062723c751e8b465ee728b)
Start importing Assets/level_5/level_5.blend using Guid(30c6e618957f4de488129260da7c557a) Importer(815301076,1909f56bfc062723c751e8b465ee728b)  -> (artifact id: '35110b1eb81c14eececd70a0f5f9f7ba') in 0.002231 seconds
  Import took 0.004983 seconds .

AssetImportWorkerClient::OnTransportError - code=2 error=End of file
